[0.007s] Invoking command in '/home/lee/workspace/ros2_ex_mav/build/MAV': AMENT_PREFIX_PATH=/home/lee/workspace/ros2_ex_mav/install/px4_msgs:${AMENT_PREFIX_PATH} CMAKE_PREFIX_PATH=/home/lee/workspace/ros2_ex_mav/install/px4_msgs:/home/lee/workspace/ros2_ex/install/ground:/home/lee/workspace/ros2_ex/install/MAV4:/home/lee/workspace/ros2_ex/install/MAV3:/home/lee/workspace/ros2_ex/install/MAV2:/home/lee/workspace/ros2_ex/install/MAV1:/home/lee/workspace/ros2_ex/install/MAV:/home/lee/workspace/ros2_ex/install/px4_msgs:/home/lee/workspace/vrpn/vrpn_optitrack/install/vrpn_mocap:/opt/ros/humble LD_LIBRARY_PATH=/home/lee/workspace/ros2_ex_mav/install/px4_msgs/lib:${LD_LIBRARY_PATH} PYTHONPATH=/home/lee/workspace/ros2_ex_mav/install/px4_msgs/local/lib/python3.10/dist-packages:${PYTHONPATH} /usr/bin/cmake --build /home/lee/workspace/ros2_ex_mav/build/MAV -- -j32 -l32
[0.038s] [ 12%] [32mBuilding CXX object CMakeFiles/mav3.dir/node/mav3.cpp.o[0m
[0.038s] [ 50%] [32mBuilding CXX object CMakeFiles/mav2.dir/node/mav2.cpp.o[0m
[0.038s] [ 50%] [32mBuilding CXX object CMakeFiles/mav4.dir/node/mav4.cpp.o[0m
[0.038s] [ 50%] [32mBuilding CXX object CMakeFiles/mav1.dir/node/mav1.cpp.o[0m
[0.132s] [01m[K/home/lee/workspace/ros2_ex_mav/src/MAV/node/mav4.cpp:9:10:[m[K [01;31m[Kfatal error: [m[Kpx4_msgs/srv/vehicle_command.hpp: No such file or directory
[0.132s]     9 | #include [01;31m[K<px4_msgs/srv/vehicle_command.hpp>[m[K
[0.132s]       |          [01;31m[K^~~~~~~~~~~~~~~~~~~~~~~~~~~~~~~~~~[m[K
[0.132s] compilation terminated.
[0.132s] [01m[K/home/lee/workspace/ros2_ex_mav/src/MAV/node/mav1.cpp:9:10:[m[K [01;31m[Kfatal error: [m[Kpx4_msgs/srv/vehicle_command.hpp: No such file or directory
[0.133s]     9 | #include [01;31m[K<px4_msgs/srv/vehicle_command.hpp>[m[K
[0.133s]       |          [01;31m[K^~~~~~~~~~~~~~~~~~~~~~~~~~~~~~~~~~[m[K
[0.133s] compilation terminated.
[0.134s] gmake[2]: *** [CMakeFiles/mav4.dir/build.make:76: CMakeFiles/mav4.dir/node/mav4.cpp.o] Error 1
[0.134s] gmake[1]: *** [CMakeFiles/Makefile2:221: CMakeFiles/mav4.dir/all] Error 2
[0.134s] gmake[1]: *** Waiting for unfinished jobs....
[0.134s] gmake[2]: *** [CMakeFiles/mav1.dir/build.make:76: CMakeFiles/mav1.dir/node/mav1.cpp.o] Error 1
[0.134s] gmake[1]: *** [CMakeFiles/Makefile2:143: CMakeFiles/mav1.dir/all] Error 2
[0.146s] [01m[K/home/lee/workspace/ros2_ex_mav/src/MAV/node/mav3.cpp:9:10:[m[K [01;31m[Kfatal error: [m[Kpx4_msgs/srv/vehicle_command.hpp: No such file or directory
[0.146s]     9 | #include [01;31m[K<px4_msgs/srv/vehicle_command.hpp>[m[K
[0.146s]       |          [01;31m[K^~~~~~~~~~~~~~~~~~~~~~~~~~~~~~~~~~[m[K
[0.146s] compilation terminated.
[0.148s] gmake[2]: *** [CMakeFiles/mav3.dir/build.make:76: CMakeFiles/mav3.dir/node/mav3.cpp.o] Error 1
[0.148s] gmake[1]: *** [CMakeFiles/Makefile2:195: CMakeFiles/mav3.dir/all] Error 2
[0.152s] [01m[K/home/lee/workspace/ros2_ex_mav/src/MAV/node/mav2.cpp:9:10:[m[K [01;31m[Kfatal error: [m[Kpx4_msgs/srv/vehicle_command.hpp: No such file or directory
[0.152s]     9 | #include [01;31m[K<px4_msgs/srv/vehicle_command.hpp>[m[K
[0.152s]       |          [01;31m[K^~~~~~~~~~~~~~~~~~~~~~~~~~~~~~~~~~[m[K
[0.152s] compilation terminated.
[0.153s] gmake[2]: *** [CMakeFiles/mav2.dir/build.make:76: CMakeFiles/mav2.dir/node/mav2.cpp.o] Error 1
[0.153s] gmake[1]: *** [CMakeFiles/Makefile2:169: CMakeFiles/mav2.dir/all] Error 2
[0.154s] gmake: *** [Makefile:146: all] Error 2
[0.155s] Invoked command in '/home/lee/workspace/ros2_ex_mav/build/MAV' returned '2': AMENT_PREFIX_PATH=/home/lee/workspace/ros2_ex_mav/install/px4_msgs:${AMENT_PREFIX_PATH} CMAKE_PREFIX_PATH=/home/lee/workspace/ros2_ex_mav/install/px4_msgs:/home/lee/workspace/ros2_ex/install/ground:/home/lee/workspace/ros2_ex/install/MAV4:/home/lee/workspace/ros2_ex/install/MAV3:/home/lee/workspace/ros2_ex/install/MAV2:/home/lee/workspace/ros2_ex/install/MAV1:/home/lee/workspace/ros2_ex/install/MAV:/home/lee/workspace/ros2_ex/install/px4_msgs:/home/lee/workspace/vrpn/vrpn_optitrack/install/vrpn_mocap:/opt/ros/humble LD_LIBRARY_PATH=/home/lee/workspace/ros2_ex_mav/install/px4_msgs/lib:${LD_LIBRARY_PATH} PYTHONPATH=/home/lee/workspace/ros2_ex_mav/install/px4_msgs/local/lib/python3.10/dist-packages:${PYTHONPATH} /usr/bin/cmake --build /home/lee/workspace/ros2_ex_mav/build/MAV -- -j32 -l32
